0 info it worked if it ends with ok
<<<<<<< HEAD
1 verbose cli [ '/usr/bin/nodejs', '/usr/bin/npm', 'start' ]
2 info using npm@3.10.8
3 info using node@v6.9.1
=======
1 verbose cli [ '/home/tanyasingh/.nvm/versions/node/v6.9.5/bin/node',
1 verbose cli   '/home/tanyasingh/.nvm/versions/node/v6.9.5/bin/npm',
1 verbose cli   'start' ]
2 info using npm@3.10.9
3 info using node@v6.9.5
>>>>>>> 10f159b2734679891d4f790889eeff94d8ba8fa4
4 verbose run-script [ 'prestart', 'start', 'poststart' ]
5 info lifecycle munchapp@0.0.0~prestart: munchapp@0.0.0
6 silly lifecycle munchapp@0.0.0~prestart: no script for prestart, continuing
7 info lifecycle munchapp@0.0.0~start: munchapp@0.0.0
8 verbose lifecycle munchapp@0.0.0~start: unsafe-perm in lifecycle true
<<<<<<< HEAD
9 verbose lifecycle munchapp@0.0.0~start: PATH: /usr/lib/node_modules/npm/bin/node-gyp-bin:/home/munchapp/vendor_app/node_modules/.bin:/usr/local/sbin:/usr/local/bin:/usr/sbin:/usr/bin:/sbin:/bin:/usr/games:/usr/local/games:/usr/local/sonar_runner/bin::/usr/lib/jvm/java-8-oracle/bin:/usr/lib/jvm/java-8-oracle/db/bin:/usr/lib/jvm/java-8-oracle/jre/bin
10 verbose lifecycle munchapp@0.0.0~start: CWD: /home/munchapp/vendor_app
=======
9 verbose lifecycle munchapp@0.0.0~start: PATH: /home/tanyasingh/.nvm/versions/node/v6.9.5/lib/node_modules/npm/bin/node-gyp-bin:/home/tanyasingh/Desktop/Vendor_app/node_modules/.bin:/home/tanyasingh/.nvm/versions/node/v6.9.5/bin:/home/tanyasingh/bin:/home/tanyasingh/.local/bin:/usr/local/sbin:/usr/local/bin:/usr/sbin:/usr/bin:/sbin:/bin:/usr/games:/usr/local/games:/snap/bin
10 verbose lifecycle munchapp@0.0.0~start: CWD: /home/tanyasingh/Desktop/Vendor_app
>>>>>>> 10f159b2734679891d4f790889eeff94d8ba8fa4
11 silly lifecycle munchapp@0.0.0~start: Args: [ '-c', 'node ./bin/www' ]
12 silly lifecycle munchapp@0.0.0~start: Returned: code: 1  signal: null
13 info lifecycle munchapp@0.0.0~start: Failed to exec start script
14 verbose stack Error: munchapp@0.0.0 start: `node ./bin/www`
14 verbose stack Exit status 1
<<<<<<< HEAD
14 verbose stack     at EventEmitter.<anonymous> (/usr/lib/node_modules/npm/lib/utils/lifecycle.js:255:16)
14 verbose stack     at emitTwo (events.js:106:13)
14 verbose stack     at EventEmitter.emit (events.js:191:7)
14 verbose stack     at ChildProcess.<anonymous> (/usr/lib/node_modules/npm/lib/utils/spawn.js:40:14)
=======
14 verbose stack     at EventEmitter.<anonymous> (/home/tanyasingh/.nvm/versions/node/v6.9.5/lib/node_modules/npm/lib/utils/lifecycle.js:255:16)
14 verbose stack     at emitTwo (events.js:106:13)
14 verbose stack     at EventEmitter.emit (events.js:191:7)
14 verbose stack     at ChildProcess.<anonymous> (/home/tanyasingh/.nvm/versions/node/v6.9.5/lib/node_modules/npm/lib/utils/spawn.js:40:14)
>>>>>>> 10f159b2734679891d4f790889eeff94d8ba8fa4
14 verbose stack     at emitTwo (events.js:106:13)
14 verbose stack     at ChildProcess.emit (events.js:191:7)
14 verbose stack     at maybeClose (internal/child_process.js:877:16)
14 verbose stack     at Process.ChildProcess._handle.onexit (internal/child_process.js:226:5)
15 verbose pkgid munchapp@0.0.0
<<<<<<< HEAD
16 verbose cwd /home/munchapp/vendor_app
17 error Linux 3.13.0-100-generic
18 error argv "/usr/bin/nodejs" "/usr/bin/npm" "start"
19 error node v6.9.1
20 error npm  v3.10.8
=======
16 verbose cwd /home/tanyasingh/Desktop/Vendor_app
17 error Linux 4.4.0-31-generic
18 error argv "/home/tanyasingh/.nvm/versions/node/v6.9.5/bin/node" "/home/tanyasingh/.nvm/versions/node/v6.9.5/bin/npm" "start"
19 error node v6.9.5
20 error npm  v3.10.9
>>>>>>> 10f159b2734679891d4f790889eeff94d8ba8fa4
21 error code ELIFECYCLE
22 error munchapp@0.0.0 start: `node ./bin/www`
22 error Exit status 1
23 error Failed at the munchapp@0.0.0 start script 'node ./bin/www'.
23 error Make sure you have the latest version of node.js and npm installed.
23 error If you do, this is most likely a problem with the munchapp package,
23 error not with npm itself.
23 error Tell the author that this fails on your system:
23 error     node ./bin/www
23 error You can get information on how to open an issue for this project with:
23 error     npm bugs munchapp
23 error Or if that isn't available, you can get their info via:
23 error     npm owner ls munchapp
23 error There is likely additional logging output above.
24 verbose exit [ 1, true ]
